#-----------------------------------------------------------
# Vivado v2020.1 (64-bit)
# SW Build 2902540 on Wed May 27 19:54:49 MDT 2020
# IP Build 2902112 on Wed May 27 22:43:36 MDT 2020
# Start of session at: Tue Dec 21 14:35:57 2021
# Process ID: 27496
# Current directory: C:/Users/ferna/Downloads/Tuto_prescaler_Debouncer_LF/Tuto_prescaler_Debouncer_LF/TutorVHDL/synthesis
# Command line: vivado.exe -mode batch -log vivado.log -journal transcript.log -source C:/Users/ferna/Downloads/Tuto_prescaler_Debouncer_LF/Tuto_prescaler_Debouncer_LF/TutorVHDL/synthesis/run_vivado.tcl
# Log file: C:/Users/ferna/Downloads/Tuto_prescaler_Debouncer_LF/Tuto_prescaler_Debouncer_LF/TutorVHDL/synthesis/vivado.log
# Journal file: C:/Users/ferna/Downloads/Tuto_prescaler_Debouncer_LF/Tuto_prescaler_Debouncer_LF/TutorVHDL/synthesis\transcript.log
#-----------------------------------------------------------
source C:/Users/ferna/Downloads/Tuto_prescaler_Debouncer_LF/Tuto_prescaler_Debouncer_LF/TutorVHDL/synthesis/run_vivado.tcl
# create_project -force Top {C:\Users\ferna\Downloads\Tuto_prescaler_Debouncer_LF\Tuto_prescaler_Debouncer_LF\TutorVHDL\synthesis} -part 7a100tcsg324-1
INFO: [ProjectBase 1-489] The host OS only allows 260 characters in a normal path. The project is stored in a path with more than 80 characters. If you experience issues with IP, Block Designs, or files not being found, please consider moving the project to a location with a shorter path. Alternately consider using the OS subst command to map part of the path to a drive letter.
Current project path is 'C:/Users/ferna/Downloads/Tuto_prescaler_Debouncer_LF/Tuto_prescaler_Debouncer_LF/TutorVHDL/synthesis'
# add_files -norecurse {C:/Users/ferna/Downloads/Tuto_prescaler_Debouncer_LF/Tuto_prescaler_Debouncer_LF/TutorVHDL/src/TutorVHDL.vhd}
# add_files -norecurse {C:/Users/ferna/Downloads/Tuto_prescaler_Debouncer_LF/Tuto_prescaler_Debouncer_LF/TutorVHDL/compile/Top.vhd}
# add_files -norecurse {C:/Users/ferna/Downloads/Tuto_prescaler_Debouncer_LF/Tuto_prescaler_Debouncer_LF/TutorVHDL/src/Prescaler.vhd}
# add_files -norecurse {C:/Users/ferna/Downloads/Tuto_prescaler_Debouncer_LF/Tuto_prescaler_Debouncer_LF/TutorVHDL/src/Debouncer.vhd}
# set_property top Top [current_fileset]
# set_property XPM_LIBRARIES {XPM_CDC XPM_MEMORY} [current_project]
# synth_design -top Top -flatten_hierarchy rebuilt -gated_clock_conversion off -fsm_extraction auto -bufg 12 -fanout_limit 10000 -shreg_min_size 3 -max_bram -1 -max_uram -1 -max_dsp -1 -max_bram_cascade_height -1 -max_uram_cascade_height -1 -cascade_dsp auto -directive default -resource_sharing auto -control_set_opt_threshold auto
Command: synth_design -top Top -flatten_hierarchy rebuilt -gated_clock_conversion off -fsm_extraction auto -bufg 12 -fanout_limit 10000 -shreg_min_size 3 -max_bram -1 -max_uram -1 -max_dsp -1 -max_bram_cascade_height -1 -max_uram_cascade_height -1 -cascade_dsp auto -directive default -resource_sharing auto -control_set_opt_threshold auto
Starting synth_design
Using part: xc7a100tcsg324-1
Attempting to get a license for feature 'Synthesis' and/or device 'xc7a100t'
INFO: [Common 17-349] Got license for feature 'Synthesis' and/or device 'xc7a100t'
INFO: [Device 21-403] Loading part xc7a100tcsg324-1
INFO: [Synth 8-7079] Multithreading enabled for synth_design using a maximum of 2 processes.
INFO: [Synth 8-7078] Launching helper process for spawning children vivado processes
INFO: [Synth 8-7075] Helper process launched with PID 26196
---------------------------------------------------------------------------------
Starting RTL Elaboration : Time (s): cpu = 00:00:06 ; elapsed = 00:00:07 . Memory (MB): peak = 1012.215 ; gain = 0.000
---------------------------------------------------------------------------------
INFO: [Synth 8-638] synthesizing module 'Top' [C:/Users/ferna/Downloads/Tuto_prescaler_Debouncer_LF/Tuto_prescaler_Debouncer_LF/TutorVHDL/compile/Top.vhd:43]
INFO: [Synth 8-3491] module 'TutorVHDL' declared at 'C:/Users/ferna/Downloads/Tuto_prescaler_Debouncer_LF/Tuto_prescaler_Debouncer_LF/TutorVHDL/src/TutorVHDL.vhd:20' bound to instance 'U1' of component 'TutorVHDL' [C:/Users/ferna/Downloads/Tuto_prescaler_Debouncer_LF/Tuto_prescaler_Debouncer_LF/TutorVHDL/compile/Top.vhd:88]
INFO: [Synth 8-638] synthesizing module 'TutorVHDL' [C:/Users/ferna/Downloads/Tuto_prescaler_Debouncer_LF/Tuto_prescaler_Debouncer_LF/TutorVHDL/src/TutorVHDL.vhd:36]
INFO: [Synth 8-256] done synthesizing module 'TutorVHDL' (1#1) [C:/Users/ferna/Downloads/Tuto_prescaler_Debouncer_LF/Tuto_prescaler_Debouncer_LF/TutorVHDL/src/TutorVHDL.vhd:36]
INFO: [Synth 8-3491] module 'Prescaler' declared at 'C:/Users/ferna/Downloads/Tuto_prescaler_Debouncer_LF/Tuto_prescaler_Debouncer_LF/TutorVHDL/src/Prescaler.vhd:20' bound to instance 'U2' of component 'Prescaler' [C:/Users/ferna/Downloads/Tuto_prescaler_Debouncer_LF/Tuto_prescaler_Debouncer_LF/TutorVHDL/compile/Top.vhd:102]
INFO: [Synth 8-638] synthesizing module 'Prescaler' [C:/Users/ferna/Downloads/Tuto_prescaler_Debouncer_LF/Tuto_prescaler_Debouncer_LF/TutorVHDL/src/Prescaler.vhd:31]
INFO: [Synth 8-256] done synthesizing module 'Prescaler' (2#1) [C:/Users/ferna/Downloads/Tuto_prescaler_Debouncer_LF/Tuto_prescaler_Debouncer_LF/TutorVHDL/src/Prescaler.vhd:31]
INFO: [Synth 8-3491] module 'Debouncer' declared at 'C:/Users/ferna/Downloads/Tuto_prescaler_Debouncer_LF/Tuto_prescaler_Debouncer_LF/TutorVHDL/src/Debouncer.vhd:23' bound to instance 'U3' of component 'Debouncer' [C:/Users/ferna/Downloads/Tuto_prescaler_Debouncer_LF/Tuto_prescaler_Debouncer_LF/TutorVHDL/compile/Top.vhd:110]
INFO: [Synth 8-638] synthesizing module 'Debouncer' [C:/Users/ferna/Downloads/Tuto_prescaler_Debouncer_LF/Tuto_prescaler_Debouncer_LF/TutorVHDL/src/Debouncer.vhd:35]
INFO: [Synth 8-256] done synthesizing module 'Debouncer' (3#1) [C:/Users/ferna/Downloads/Tuto_prescaler_Debouncer_LF/Tuto_prescaler_Debouncer_LF/TutorVHDL/src/Debouncer.vhd:35]
INFO: [Synth 8-256] done synthesizing module 'Top' (4#1) [C:/Users/ferna/Downloads/Tuto_prescaler_Debouncer_LF/Tuto_prescaler_Debouncer_LF/TutorVHDL/compile/Top.vhd:43]
---------------------------------------------------------------------------------
Finished RTL Elaboration : Time (s): cpu = 00:00:07 ; elapsed = 00:00:08 . Memory (MB): peak = 1012.215 ; gain = 0.000
---------------------------------------------------------------------------------
---------------------------------------------------------------------------------
Start Handling Custom Attributes
---------------------------------------------------------------------------------
---------------------------------------------------------------------------------
Finished Handling Custom Attributes : Time (s): cpu = 00:00:07 ; elapsed = 00:00:09 . Memory (MB): peak = 1012.215 ; gain = 0.000
---------------------------------------------------------------------------------
---------------------------------------------------------------------------------
Finished RTL Optimization Phase 1 : Time (s): cpu = 00:00:07 ; elapsed = 00:00:09 . Memory (MB): peak = 1012.215 ; gain = 0.000
---------------------------------------------------------------------------------
Netlist sorting complete. Time (s): cpu = 00:00:00 ; elapsed = 00:00:00.001 . Memory (MB): peak = 1012.215 ; gain = 0.000
INFO: [Project 1-570] Preparing netlist for logic optimization

Processing XDC Constraints
Initializing timing engine
Completed Processing XDC Constraints

Netlist sorting complete. Time (s): cpu = 00:00:00 ; elapsed = 00:00:00 . Memory (MB): peak = 1077.961 ; gain = 0.000
INFO: [Project 1-111] Unisim Transformation Summary:
No Unisim elements were transformed.

Constraint Validation Runtime : Time (s): cpu = 00:00:00 ; elapsed = 00:00:00.006 . Memory (MB): peak = 1077.961 ; gain = 0.000
---------------------------------------------------------------------------------
Finished Constraint Validation : Time (s): cpu = 00:00:12 ; elapsed = 00:00:14 . Memory (MB): peak = 1077.961 ; gain = 65.746
---------------------------------------------------------------------------------
---------------------------------------------------------------------------------
Start Loading Part and Timing Information
---------------------------------------------------------------------------------
Loading part: xc7a100tcsg324-1
---------------------------------------------------------------------------------
Finished Loading Part and Timing Information : Time (s): cpu = 00:00:12 ; elapsed = 00:00:14 . Memory (MB): peak = 1077.961 ; gain = 65.746
---------------------------------------------------------------------------------
---------------------------------------------------------------------------------
Start Applying 'set_property' XDC Constraints
---------------------------------------------------------------------------------
---------------------------------------------------------------------------------
Finished applying 'set_property' XDC Constraints : Time (s): cpu = 00:00:12 ; elapsed = 00:00:14 . Memory (MB): peak = 1077.961 ; gain = 65.746
---------------------------------------------------------------------------------
WARNING: [Synth 8-327] inferring latch for variable 'L_DAT_reg' [C:/Users/ferna/Downloads/Tuto_prescaler_Debouncer_LF/Tuto_prescaler_Debouncer_LF/TutorVHDL/src/TutorVHDL.vhd:90]
---------------------------------------------------------------------------------
Finished RTL Optimization Phase 2 : Time (s): cpu = 00:00:13 ; elapsed = 00:00:14 . Memory (MB): peak = 1077.961 ; gain = 65.746
---------------------------------------------------------------------------------
---------------------------------------------------------------------------------
Start RTL Component Statistics 
---------------------------------------------------------------------------------
Detailed RTL Component Info : 
+---Adders : 
	   2 Input    4 Bit       Adders := 2     
+---Registers : 
	                4 Bit    Registers := 1     
	                3 Bit    Registers := 1     
+---Muxes : 
	   2 Input    4 Bit        Muxes := 5     
---------------------------------------------------------------------------------
Finished RTL Component Statistics 
---------------------------------------------------------------------------------
---------------------------------------------------------------------------------
Start Part Resource Summary
---------------------------------------------------------------------------------
Part Resources:
DSPs: 240 (col length:80)
BRAMs: 270 (col length: RAMB18 80 RAMB36 40)
---------------------------------------------------------------------------------
Finished Part Resource Summary
---------------------------------------------------------------------------------
---------------------------------------------------------------------------------
Start Cross Boundary and Area Optimization
---------------------------------------------------------------------------------
---------------------------------------------------------------------------------
Finished Cross Boundary and Area Optimization : Time (s): cpu = 00:00:14 ; elapsed = 00:00:16 . Memory (MB): peak = 1077.961 ; gain = 65.746
---------------------------------------------------------------------------------
---------------------------------------------------------------------------------
Start Applying XDC Timing Constraints
---------------------------------------------------------------------------------
---------------------------------------------------------------------------------
Finished Applying XDC Timing Constraints : Time (s): cpu = 00:00:21 ; elapsed = 00:00:22 . Memory (MB): peak = 1077.961 ; gain = 65.746
---------------------------------------------------------------------------------
---------------------------------------------------------------------------------
Start Timing Optimization
---------------------------------------------------------------------------------
---------------------------------------------------------------------------------
Finished Timing Optimization : Time (s): cpu = 00:00:21 ; elapsed = 00:00:22 . Memory (MB): peak = 1077.961 ; gain = 65.746
---------------------------------------------------------------------------------
---------------------------------------------------------------------------------
Start Technology Mapping
---------------------------------------------------------------------------------
---------------------------------------------------------------------------------
Finished Technology Mapping : Time (s): cpu = 00:00:21 ; elapsed = 00:00:22 . Memory (MB): peak = 1077.961 ; gain = 65.746
---------------------------------------------------------------------------------
---------------------------------------------------------------------------------
Start IO Insertion
---------------------------------------------------------------------------------
---------------------------------------------------------------------------------
Start Flattening Before IO Insertion
---------------------------------------------------------------------------------
---------------------------------------------------------------------------------
Finished Flattening Before IO Insertion
---------------------------------------------------------------------------------
---------------------------------------------------------------------------------
Start Final Netlist Cleanup
---------------------------------------------------------------------------------
---------------------------------------------------------------------------------
Finished Final Netlist Cleanup
---------------------------------------------------------------------------------
---------------------------------------------------------------------------------
Finished IO Insertion : Time (s): cpu = 00:00:24 ; elapsed = 00:00:26 . Memory (MB): peak = 1081.707 ; gain = 69.492
---------------------------------------------------------------------------------
---------------------------------------------------------------------------------
Start Renaming Generated Instances
---------------------------------------------------------------------------------
---------------------------------------------------------------------------------
Finished Renaming Generated Instances : Time (s): cpu = 00:00:24 ; elapsed = 00:00:26 . Memory (MB): peak = 1081.707 ; gain = 69.492
---------------------------------------------------------------------------------
---------------------------------------------------------------------------------
Start Rebuilding User Hierarchy
---------------------------------------------------------------------------------
---------------------------------------------------------------------------------
Finished Rebuilding User Hierarchy : Time (s): cpu = 00:00:24 ; elapsed = 00:00:26 . Memory (MB): peak = 1081.707 ; gain = 69.492
---------------------------------------------------------------------------------
---------------------------------------------------------------------------------
Start Renaming Generated Ports
---------------------------------------------------------------------------------
---------------------------------------------------------------------------------
Finished Renaming Generated Ports : Time (s): cpu = 00:00:24 ; elapsed = 00:00:26 . Memory (MB): peak = 1081.707 ; gain = 69.492
---------------------------------------------------------------------------------
---------------------------------------------------------------------------------
Start Handling Custom Attributes
---------------------------------------------------------------------------------
---------------------------------------------------------------------------------
Finished Handling Custom Attributes : Time (s): cpu = 00:00:24 ; elapsed = 00:00:26 . Memory (MB): peak = 1081.707 ; gain = 69.492
---------------------------------------------------------------------------------
---------------------------------------------------------------------------------
Start Renaming Generated Nets
---------------------------------------------------------------------------------
---------------------------------------------------------------------------------
Finished Renaming Generated Nets : Time (s): cpu = 00:00:24 ; elapsed = 00:00:26 . Memory (MB): peak = 1081.707 ; gain = 69.492
---------------------------------------------------------------------------------
---------------------------------------------------------------------------------
Start Writing Synthesis Report
---------------------------------------------------------------------------------

Report BlackBoxes: 
+-+--------------+----------+
| |BlackBox name |Instances |
+-+--------------+----------+
+-+--------------+----------+

Report Cell Usage: 
+------+-------+------+
|      |Cell   |Count |
+------+-------+------+
|1     |BUFG   |     2|
|2     |CARRY4 |     7|
|3     |LUT1   |     1|
|4     |LUT2   |    29|
|5     |LUT3   |     6|
|6     |LUT4   |     3|
|7     |LUT5   |     3|
|8     |LUT6   |     7|
|9     |MUXF7  |     3|
|10    |FDCE   |    34|
|11    |LDC    |     4|
|12    |IBUF   |    13|
|13    |OBUFT  |     4|
+------+-------+------+
---------------------------------------------------------------------------------
Finished Writing Synthesis Report : Time (s): cpu = 00:00:24 ; elapsed = 00:00:26 . Memory (MB): peak = 1081.707 ; gain = 69.492
---------------------------------------------------------------------------------
Synthesis finished with 0 errors, 0 critical warnings and 1 warnings.
Synthesis Optimization Runtime : Time (s): cpu = 00:00:15 ; elapsed = 00:00:24 . Memory (MB): peak = 1081.707 ; gain = 3.746
Synthesis Optimization Complete : Time (s): cpu = 00:00:24 ; elapsed = 00:00:26 . Memory (MB): peak = 1081.707 ; gain = 69.492
INFO: [Project 1-571] Translating synthesized netlist
Netlist sorting complete. Time (s): cpu = 00:00:00 ; elapsed = 00:00:00.001 . Memory (MB): peak = 1081.707 ; gain = 0.000
INFO: [Netlist 29-17] Analyzing 14 Unisim elements for replacement
INFO: [Netlist 29-28] Unisim Transformation completed in 0 CPU seconds
INFO: [Project 1-570] Preparing netlist for logic optimization
INFO: [Opt 31-138] Pushed 0 inverter(s) to 0 load pin(s).
Netlist sorting complete. Time (s): cpu = 00:00:00 ; elapsed = 00:00:00 . Memory (MB): peak = 1090.668 ; gain = 0.000
INFO: [Project 1-111] Unisim Transformation Summary:
  A total of 4 instances were transformed.
  LDC => LDCE: 4 instances

INFO: [Common 17-83] Releasing license: Synthesis
25 Infos, 1 Warnings, 0 Critical Warnings and 0 Errors encountered.
synth_design completed successfully
synth_design: Time (s): cpu = 00:00:32 ; elapsed = 00:00:38 . Memory (MB): peak = 1090.668 ; gain = 78.453
# report_utilization -file {Top_utilization_synth.rpt}
# write_edf -force {Top.edn}
Netlist sorting complete. Time (s): cpu = 00:00:00 ; elapsed = 00:00:00 . Memory (MB): peak = 1090.668 ; gain = 0.000
C:/Users/ferna/Downloads/Tuto_prescaler_Debouncer_LF/Tuto_prescaler_Debouncer_LF/TutorVHDL/synthesis/Top.edn
# write_vhdl -force {Top.vhd}
# write_xdc -force {Top.xdc}
# write_checkpoint -force Top_synth.dcp
INFO: [Common 17-1381] The checkpoint 'C:/Users/ferna/Downloads/Tuto_prescaler_Debouncer_LF/Tuto_prescaler_Debouncer_LF/TutorVHDL/synthesis/Top_synth.dcp' has been generated.
INFO: [Common 17-206] Exiting Vivado at Tue Dec 21 14:36:41 2021...
