Active-HDL 11.1.262.7351 2022-01-26 12:31:50

Elaboration top modules:
Architecture                  TutorVHDL(TutorVHDL)


--------------------------------------------------------------------------------------------
Entity    | Architecture | Library   | Info | Compiler Version        | Compilation Options
--------------------------------------------------------------------------------------------
TutorVHDL | TutorVHDL    | tutorvhdl |      | 11.1.262.7351 (Windows) | -dbg
--------------------------------------------------------------------------------------------

--------------------------------------------------------------------------------------------
VHDL Package             | Library   | Info | Compiler Version        | Compilation Options
--------------------------------------------------------------------------------------------
standard                 | std       |      |                         | <unavailable>
TEXTIO                   | std       |      |                         | <unavailable>
std_logic_1164           | ieee      |      |                         | <unavailable>
std_logic_arith          | ieee      |      |                         | <unavailable>
STD_LOGIC_UNSIGNED       | ieee      |      |                         | <unavailable>
--------------------------------------------------------------------------------------------

--------------------------------------------------------------------------------------------
Library                  | Comment
--------------------------------------------------------------------------------------------
ieee                     | Standard IEEE packages library
std                      | Standard VHDL library
tutorvhdl                | None
--------------------------------------------------------------------------------------------
