Active-HDL 11.1.262.7351 2021-12-01 11:33:47

Elaboration top modules:
VHDL Configuration            testbench_for_tutorvhdl


--------------------------------------------------------------------------------------------------
Entity       | Architecture    | Library   | Info | Compiler Version        | Compilation Options
--------------------------------------------------------------------------------------------------
tutorvhdl_tb | TB_ARCHITECTURE | tutorvhdl |      | 11.1.261.7351 (Windows) | -dbg
TutorVHDL    | TutorVHDL       | tutorvhdl |      | 11.1.261.7351 (Windows) | -dbg
--------------------------------------------------------------------------------------------------

--------------------------------------------------------------------------------------------------
VHDL Configuration             | Library   | Info | Compiler Version        | Compilation Options
--------------------------------------------------------------------------------------------------
testbench_for_tutorvhdl        | tutorvhdl |      |                         | <unavailable>
--------------------------------------------------------------------------------------------------

--------------------------------------------------------------------------------------------------
VHDL Package                   | Library   | Info | Compiler Version        | Compilation Options
--------------------------------------------------------------------------------------------------
standard                       | std       |      |                         | <unavailable>
TEXTIO                         | std       |      |                         | <unavailable>
std_logic_1164                 | ieee      |      |                         | <unavailable>
std_logic_arith                | ieee      |      |                         | <unavailable>
STD_LOGIC_UNSIGNED             | ieee      |      |                         | <unavailable>
--------------------------------------------------------------------------------------------------

--------------------------------------------------------------------------------------------------
Library                        | Comment
--------------------------------------------------------------------------------------------------
ieee                           | Standard IEEE packages library
std                            | Standard VHDL library
tutorvhdl                      | None
--------------------------------------------------------------------------------------------------
