Copyright 1986-2020 Xilinx, Inc. All Rights Reserved.
------------------------------------------------------------------------------------
| Tool Version : Vivado v.2020.1 (win64) Build 2902540 Wed May 27 19:54:49 MDT 2020
| Date         : Tue Dec 21 14:39:49 2021
| Host         : DESKTOP-B9MCHNV running 64-bit major release  (build 9200)
| Command      : report_timing_summary -file Top_timing_summary_routed.rpt
| Design       : Top
| Device       : 7a100t-csg324
| Speed File   : -1  PRODUCTION 1.23 2018-06-13
------------------------------------------------------------------------------------

Timing Summary Report

------------------------------------------------------------------------------------------------
| Timer Settings
| --------------
------------------------------------------------------------------------------------------------

  Enable Multi Corner Analysis               :  Yes
  Enable Pessimism Removal                   :  Yes
  Pessimism Removal Resolution               :  Nearest Common Node
  Enable Input Delay Default Clock           :  No
  Enable Preset / Clear Arcs                 :  No
  Disable Flight Delays                      :  No
  Ignore I/O Paths                           :  No
  Timing Early Launch at Borrowing Latches   :  No
  Borrow Time for Max Delay Exceptions       :  Yes
  Merge Timing Exceptions                    :  Yes

  Corner  Analyze    Analyze    
  Name    Max Paths  Min Paths  
  ------  ---------  ---------  
  Slow    Yes        Yes        
  Fast    Yes        Yes        



check_timing report

Table of Contents
-----------------
1. checking no_clock (4)
2. checking constant_clock (0)
3. checking pulse_width_clock (0)
4. checking unconstrained_internal_endpoints (8)
5. checking no_input_delay (9)
6. checking no_output_delay (4)
7. checking multiple_clock (0)
8. checking generated_clocks (0)
9. checking loops (0)
10. checking partial_input_delay (0)
11. checking partial_output_delay (0)
12. checking latch_loops (0)

1. checking no_clock (4)
------------------------
 There are 4 register/latch pins with no clock driven by root clock pin: LE (HIGH)


2. checking constant_clock (0)
------------------------------
 There are 0 register/latch pins with constant_clock.


3. checking pulse_width_clock (0)
---------------------------------
 There are 0 register/latch pins which need pulse_width check


4. checking unconstrained_internal_endpoints (8)
------------------------------------------------
 There are 8 pins that are not constrained for maximum delay. (HIGH)

 There are 0 pins that are not constrained for maximum delay due to constant clock.


5. checking no_input_delay (9)
------------------------------
 There are 9 input ports with no input delay specified. (HIGH)

 There are 0 input ports with no input delay but user has a false path constraint.


6. checking no_output_delay (4)
-------------------------------
 There are 4 ports with no output delay specified. (HIGH)

 There are 0 ports with no output delay but user has a false path constraint

 There are 0 ports with no output delay but with a timing clock defined on it or propagating through it


7. checking multiple_clock (0)
------------------------------
 There are 0 register/latch pins with multiple clocks.


8. checking generated_clocks (0)
--------------------------------
 There are 0 generated clocks that are not connected to a clock source.


9. checking loops (0)
---------------------
 There are 0 combinational loops in the design.


10. checking partial_input_delay (0)
------------------------------------
 There are 0 input ports with partial input delay specified.


11. checking partial_output_delay (0)
-------------------------------------
 There are 0 ports with partial output delay specified.


12. checking latch_loops (0)
----------------------------
 There are 0 combinational latch loops in the design through latch input



------------------------------------------------------------------------------------------------
| Design Timing Summary
| ---------------------
------------------------------------------------------------------------------------------------

    WNS(ns)      TNS(ns)  TNS Failing Endpoints  TNS Total Endpoints      WHS(ns)      THS(ns)  THS Failing Endpoints  THS Total Endpoints     WPWS(ns)     TPWS(ns)  TPWS Failing Endpoints  TPWS Total Endpoints  
    -------      -------  ---------------------  -------------------      -------      -------  ---------------------  -------------------     --------     --------  ----------------------  --------------------  
      4.943        0.000                      0                   40        0.199        0.000                      0                   40        4.500        0.000                       0                    35  


All user specified timing constraints are met.


------------------------------------------------------------------------------------------------
| Clock Summary
| -------------
------------------------------------------------------------------------------------------------

Clock        Waveform(ns)       Period(ns)      Frequency(MHz)
-----        ------------       ----------      --------------
sys_clk_pin  {0.000 5.000}      10.000          100.000         


------------------------------------------------------------------------------------------------
| Intra Clock Table
| -----------------
------------------------------------------------------------------------------------------------

Clock             WNS(ns)      TNS(ns)  TNS Failing Endpoints  TNS Total Endpoints      WHS(ns)      THS(ns)  THS Failing Endpoints  THS Total Endpoints     WPWS(ns)     TPWS(ns)  TPWS Failing Endpoints  TPWS Total Endpoints  
-----             -------      -------  ---------------------  -------------------      -------      -------  ---------------------  -------------------     --------     --------  ----------------------  --------------------  
sys_clk_pin         4.943        0.000                      0                   40        0.199        0.000                      0                   40        4.500        0.000                       0                    35  


------------------------------------------------------------------------------------------------
| Inter Clock Table
| -----------------
------------------------------------------------------------------------------------------------

From Clock    To Clock          WNS(ns)      TNS(ns)  TNS Failing Endpoints  TNS Total Endpoints      WHS(ns)      THS(ns)  THS Failing Endpoints  THS Total Endpoints  
----------    --------          -------      -------  ---------------------  -------------------      -------      -------  ---------------------  -------------------  


------------------------------------------------------------------------------------------------
| Other Path Groups Table
| -----------------------
------------------------------------------------------------------------------------------------

Path Group    From Clock    To Clock          WNS(ns)      TNS(ns)  TNS Failing Endpoints  TNS Total Endpoints      WHS(ns)      THS(ns)  THS Failing Endpoints  THS Total Endpoints  
----------    ----------    --------          -------      -------  ---------------------  -------------------      -------      -------  ---------------------  -------------------  


------------------------------------------------------------------------------------------------
| Timing Details
| --------------
------------------------------------------------------------------------------------------------


---------------------------------------------------------------------------------------------------
From Clock:  sys_clk_pin
  To Clock:  sys_clk_pin

Setup :            0  Failing Endpoints,  Worst Slack        4.943ns,  Total Violation        0.000ns
Hold  :            0  Failing Endpoints,  Worst Slack        0.199ns,  Total Violation        0.000ns
PW    :            0  Failing Endpoints,  Worst Slack        4.500ns,  Total Violation        0.000ns
---------------------------------------------------------------------------------------------------


Max Delay Paths
--------------------------------------------------------------------------------------
Slack (MET) :             4.943ns  (required time - arrival time)
  Source:                 U2/DIVIDER_reg[25]/C
                            (rising edge-triggered cell FDCE clocked by sys_clk_pin  {rise@0.000ns fall@5.000ns period=10.000ns})
  Destination:            U2/DIVIDER_reg[25]/D
                            (rising edge-triggered cell FDCE clocked by sys_clk_pin  {rise@0.000ns fall@5.000ns period=10.000ns})
  Path Group:             sys_clk_pin
  Path Type:              Setup (Max at Slow Process Corner)
  Requirement:            10.000ns  (sys_clk_pin rise@10.000ns - sys_clk_pin rise@0.000ns)
  Data Path Delay:        5.084ns  (logic 2.264ns (44.533%)  route 2.820ns (55.467%))
  Logic Levels:           10  (CARRY4=7 LUT2=1 LUT6=2)
  Clock Path Skew:        0.000ns (DCD - SCD + CPR)
    Destination Clock Delay (DCD):    5.026ns = ( 15.026 - 10.000 ) 
    Source Clock Delay      (SCD):    5.326ns
    Clock Pessimism Removal (CPR):    0.300ns
  Clock Uncertainty:      0.035ns  ((TSJ^2 + TIJ^2)^1/2 + DJ) / 2 + PE
    Total System Jitter     (TSJ):    0.071ns
    Total Input Jitter      (TIJ):    0.000ns
    Discrete Jitter          (DJ):    0.000ns
    Phase Error              (PE):    0.000ns

    Location             Delay type                Incr(ns)  Path(ns)    Netlist Resource(s)
  -------------------------------------------------------------------    -------------------
                         (clock sys_clk_pin rise edge)
                                                      0.000     0.000 r  
    E3                                                0.000     0.000 r  CLK (IN)
                         net (fo=0)                   0.000     0.000    CLK
    E3                   IBUF (Prop_ibuf_I_O)         1.482     1.482 r  CLK_IBUF_inst/O
                         net (fo=1, routed)           2.025     3.506    CLK_IBUF
    BUFGCTRL_X0Y16       BUFG (Prop_bufg_I_O)         0.096     3.602 r  CLK_IBUF_BUFG_inst/O
                         net (fo=34, routed)          1.723     5.326    U2/CLK
    SLICE_X1Y89          FDCE                                         r  U2/DIVIDER_reg[25]/C
  -------------------------------------------------------------------    -------------------
    SLICE_X1Y89          FDCE (Prop_fdce_C_Q)         0.456     5.782 r  U2/DIVIDER_reg[25]/Q
                         net (fo=2, routed)           0.808     6.590    U2/DIVIDER_reg[25]
    SLICE_X0Y88          LUT6 (Prop_lut6_I4_O)        0.124     6.714 f  U2/Q_INT[3]_i_9/O
                         net (fo=1, routed)           0.955     7.669    U2/Q_INT[3]_i_9_n_0
    SLICE_X0Y86          LUT6 (Prop_lut6_I3_O)        0.124     7.793 f  U2/Q_INT[3]_i_3/O
                         net (fo=30, routed)          1.057     8.850    U2/eqOp__25
    SLICE_X1Y83          LUT2 (Prop_lut2_I1_O)        0.124     8.974 r  U2/DIVIDER[0]_i_6/O
                         net (fo=1, routed)           0.000     8.974    U2/DIVIDER[0]_i_6_n_0
    SLICE_X1Y83          CARRY4 (Prop_carry4_S[0]_CO[3])
                                                      0.532     9.506 r  U2/DIVIDER_reg[0]_i_1/CO[3]
                         net (fo=1, routed)           0.000     9.506    U2/DIVIDER_reg[0]_i_1_n_0
    SLICE_X1Y84          CARRY4 (Prop_carry4_CI_CO[3])
                                                      0.114     9.620 r  U2/DIVIDER_reg[4]_i_1/CO[3]
                         net (fo=1, routed)           0.000     9.620    U2/DIVIDER_reg[4]_i_1_n_0
    SLICE_X1Y85          CARRY4 (Prop_carry4_CI_CO[3])
                                                      0.114     9.734 r  U2/DIVIDER_reg[8]_i_1/CO[3]
                         net (fo=1, routed)           0.000     9.734    U2/DIVIDER_reg[8]_i_1_n_0
    SLICE_X1Y86          CARRY4 (Prop_carry4_CI_CO[3])
                                                      0.114     9.848 r  U2/DIVIDER_reg[12]_i_1/CO[3]
                         net (fo=1, routed)           0.000     9.848    U2/DIVIDER_reg[12]_i_1_n_0
    SLICE_X1Y87          CARRY4 (Prop_carry4_CI_CO[3])
                                                      0.114     9.962 r  U2/DIVIDER_reg[16]_i_1/CO[3]
                         net (fo=1, routed)           0.000     9.962    U2/DIVIDER_reg[16]_i_1_n_0
    SLICE_X1Y88          CARRY4 (Prop_carry4_CI_CO[3])
                                                      0.114    10.076 r  U2/DIVIDER_reg[20]_i_1/CO[3]
                         net (fo=1, routed)           0.000    10.076    U2/DIVIDER_reg[20]_i_1_n_0
    SLICE_X1Y89          CARRY4 (Prop_carry4_CI_O[1])
                                                      0.334    10.410 r  U2/DIVIDER_reg[24]_i_1/O[1]
                         net (fo=1, routed)           0.000    10.410    U2/DIVIDER_reg[24]_i_1_n_6
    SLICE_X1Y89          FDCE                                         r  U2/DIVIDER_reg[25]/D
  -------------------------------------------------------------------    -------------------

                         (clock sys_clk_pin rise edge)
                                                     10.000    10.000 r  
    E3                                                0.000    10.000 r  CLK (IN)
                         net (fo=0)                   0.000    10.000    CLK
    E3                   IBUF (Prop_ibuf_I_O)         1.411    11.411 r  CLK_IBUF_inst/O
                         net (fo=1, routed)           1.920    13.331    CLK_IBUF
    BUFGCTRL_X0Y16       BUFG (Prop_bufg_I_O)         0.091    13.422 r  CLK_IBUF_BUFG_inst/O
                         net (fo=34, routed)          1.603    15.026    U2/CLK
    SLICE_X1Y89          FDCE                                         r  U2/DIVIDER_reg[25]/C
                         clock pessimism              0.300    15.326    
                         clock uncertainty           -0.035    15.290    
    SLICE_X1Y89          FDCE (Setup_fdce_C_D)        0.062    15.352    U2/DIVIDER_reg[25]
  -------------------------------------------------------------------
                         required time                         15.352    
                         arrival time                         -10.410    
  -------------------------------------------------------------------
                         slack                                  4.943    





Min Delay Paths
--------------------------------------------------------------------------------------
Slack (MET) :             0.199ns  (arrival time - required time)
  Source:                 U1/Q_INT_reg[2]/C
                            (rising edge-triggered cell FDCE clocked by sys_clk_pin  {rise@0.000ns fall@5.000ns period=10.000ns})
  Destination:            U1/Q_INT_reg[2]/D
                            (rising edge-triggered cell FDCE clocked by sys_clk_pin  {rise@0.000ns fall@5.000ns period=10.000ns})
  Path Group:             sys_clk_pin
  Path Type:              Hold (Min at Fast Process Corner)
  Requirement:            0.000ns  (sys_clk_pin rise@0.000ns - sys_clk_pin rise@0.000ns)
  Data Path Delay:        0.304ns  (logic 0.226ns (74.457%)  route 0.078ns (25.543%))
  Logic Levels:           1  (MUXF7=1)
  Clock Path Skew:        0.000ns (DCD - SCD - CPR)
    Destination Clock Delay (DCD):    2.037ns
    Source Clock Delay      (SCD):    1.519ns
    Clock Pessimism Removal (CPR):    0.517ns

    Location             Delay type                Incr(ns)  Path(ns)    Netlist Resource(s)
  -------------------------------------------------------------------    -------------------
                         (clock sys_clk_pin rise edge)
                                                      0.000     0.000 r  
    E3                                                0.000     0.000 r  CLK (IN)
                         net (fo=0)                   0.000     0.000    CLK
    E3                   IBUF (Prop_ibuf_I_O)         0.250     0.250 r  CLK_IBUF_inst/O
                         net (fo=1, routed)           0.644     0.894    CLK_IBUF
    BUFGCTRL_X0Y16       BUFG (Prop_bufg_I_O)         0.026     0.920 r  CLK_IBUF_BUFG_inst/O
                         net (fo=34, routed)          0.600     1.519    U1/CLK
    SLICE_X0Y85          FDCE                                         r  U1/Q_INT_reg[2]/C
  -------------------------------------------------------------------    -------------------
    SLICE_X0Y85          FDCE (Prop_fdce_C_Q)         0.141     1.660 r  U1/Q_INT_reg[2]/Q
                         net (fo=4, routed)           0.078     1.738    U1/Q_INT_reg_n_0_[2]
    SLICE_X0Y85          MUXF7 (Prop_muxf7_S_O)       0.085     1.823 r  U1/Q_INT_reg[2]_i_1/O
                         net (fo=1, routed)           0.000     1.823    U1/Q_INT_reg[2]_i_1_n_0
    SLICE_X0Y85          FDCE                                         r  U1/Q_INT_reg[2]/D
  -------------------------------------------------------------------    -------------------

                         (clock sys_clk_pin rise edge)
                                                      0.000     0.000 r  
    E3                                                0.000     0.000 r  CLK (IN)
                         net (fo=0)                   0.000     0.000    CLK
    E3                   IBUF (Prop_ibuf_I_O)         0.438     0.438 r  CLK_IBUF_inst/O
                         net (fo=1, routed)           0.699     1.136    CLK_IBUF
    BUFGCTRL_X0Y16       BUFG (Prop_bufg_I_O)         0.029     1.165 r  CLK_IBUF_BUFG_inst/O
                         net (fo=34, routed)          0.872     2.037    U1/CLK
    SLICE_X0Y85          FDCE                                         r  U1/Q_INT_reg[2]/C
                         clock pessimism             -0.517     1.519    
    SLICE_X0Y85          FDCE (Hold_fdce_C_D)         0.105     1.624    U1/Q_INT_reg[2]
  -------------------------------------------------------------------
                         required time                         -1.624    
                         arrival time                           1.823    
  -------------------------------------------------------------------
                         slack                                  0.199    





Pulse Width Checks
--------------------------------------------------------------------------------------
Clock Name:         sys_clk_pin
Waveform(ns):       { 0.000 5.000 }
Period(ns):         10.000
Sources:            { CLK }

Check Type        Corner  Lib Pin  Reference Pin  Required(ns)  Actual(ns)  Slack(ns)  Location        Pin
Min Period        n/a     BUFG/I   n/a            2.155         10.000      7.845      BUFGCTRL_X0Y16  CLK_IBUF_BUFG_inst/I
Low Pulse Width   Slow    FDCE/C   n/a            0.500         5.000       4.500      SLICE_X1Y89     U2/DIVIDER_reg[24]/C
High Pulse Width  Slow    FDCE/C   n/a            0.500         5.000       4.500      SLICE_X1Y83     U2/DIVIDER_reg[0]/C



