Copyright 1986-2020 Xilinx, Inc. All Rights Reserved.
------------------------------------------------------------------------------------
| Tool Version : Vivado v.2020.1 (win64) Build 2902540 Wed May 27 19:54:49 MDT 2020
| Date         : Tue Dec 21 14:38:56 2021
| Host         : DESKTOP-B9MCHNV running 64-bit major release  (build 9200)
| Command      : report_timing_summary -file Top_timing_summary_placed.rpt
| Design       : Top
| Device       : 7a100t-csg324
| Speed File   : -1  PRODUCTION 1.23 2018-06-13
------------------------------------------------------------------------------------

Timing Summary Report

------------------------------------------------------------------------------------------------
| Timer Settings
| --------------
------------------------------------------------------------------------------------------------

  Enable Multi Corner Analysis               :  Yes
  Enable Pessimism Removal                   :  Yes
  Pessimism Removal Resolution               :  Nearest Common Node
  Enable Input Delay Default Clock           :  No
  Enable Preset / Clear Arcs                 :  No
  Disable Flight Delays                      :  No
  Ignore I/O Paths                           :  No
  Timing Early Launch at Borrowing Latches   :  No
  Borrow Time for Max Delay Exceptions       :  Yes
  Merge Timing Exceptions                    :  Yes

  Corner  Analyze    Analyze    
  Name    Max Paths  Min Paths  
  ------  ---------  ---------  
  Slow    Yes        Yes        
  Fast    Yes        Yes        



check_timing report

Table of Contents
-----------------
1. checking no_clock (4)
2. checking constant_clock (0)
3. checking pulse_width_clock (0)
4. checking unconstrained_internal_endpoints (8)
5. checking no_input_delay (9)
6. checking no_output_delay (4)
7. checking multiple_clock (0)
8. checking generated_clocks (0)
9. checking loops (0)
10. checking partial_input_delay (0)
11. checking partial_output_delay (0)
12. checking latch_loops (0)

1. checking no_clock (4)
------------------------
 There are 4 register/latch pins with no clock driven by root clock pin: LE (HIGH)


2. checking constant_clock (0)
------------------------------
 There are 0 register/latch pins with constant_clock.


3. checking pulse_width_clock (0)
---------------------------------
 There are 0 register/latch pins which need pulse_width check


4. checking unconstrained_internal_endpoints (8)
------------------------------------------------
 There are 8 pins that are not constrained for maximum delay. (HIGH)

 There are 0 pins that are not constrained for maximum delay due to constant clock.


5. checking no_input_delay (9)
------------------------------
 There are 9 input ports with no input delay specified. (HIGH)

 There are 0 input ports with no input delay but user has a false path constraint.


6. checking no_output_delay (4)
-------------------------------
 There are 4 ports with no output delay specified. (HIGH)

 There are 0 ports with no output delay but user has a false path constraint

 There are 0 ports with no output delay but with a timing clock defined on it or propagating through it


7. checking multiple_clock (0)
------------------------------
 There are 0 register/latch pins with multiple clocks.


8. checking generated_clocks (0)
--------------------------------
 There are 0 generated clocks that are not connected to a clock source.


9. checking loops (0)
---------------------
 There are 0 combinational loops in the design.


10. checking partial_input_delay (0)
------------------------------------
 There are 0 input ports with partial input delay specified.


11. checking partial_output_delay (0)
-------------------------------------
 There are 0 ports with partial output delay specified.


12. checking latch_loops (0)
----------------------------
 There are 0 combinational latch loops in the design through latch input



------------------------------------------------------------------------------------------------
| Design Timing Summary
| ---------------------
------------------------------------------------------------------------------------------------

    WNS(ns)      TNS(ns)  TNS Failing Endpoints  TNS Total Endpoints      WHS(ns)      THS(ns)  THS Failing Endpoints  THS Total Endpoints     WPWS(ns)     TPWS(ns)  TPWS Failing Endpoints  TPWS Total Endpoints  
    -------      -------  ---------------------  -------------------      -------      -------  ---------------------  -------------------     --------     --------  ----------------------  --------------------  
      4.829        0.000                      0                   40        0.201        0.000                      0                   40        4.500        0.000                       0                    35  


All user specified timing constraints are met.


------------------------------------------------------------------------------------------------
| Clock Summary
| -------------
------------------------------------------------------------------------------------------------

Clock        Waveform(ns)       Period(ns)      Frequency(MHz)
-----        ------------       ----------      --------------
sys_clk_pin  {0.000 5.000}      10.000          100.000         


------------------------------------------------------------------------------------------------
| Intra Clock Table
| -----------------
------------------------------------------------------------------------------------------------

Clock             WNS(ns)      TNS(ns)  TNS Failing Endpoints  TNS Total Endpoints      WHS(ns)      THS(ns)  THS Failing Endpoints  THS Total Endpoints     WPWS(ns)     TPWS(ns)  TPWS Failing Endpoints  TPWS Total Endpoints  
-----             -------      -------  ---------------------  -------------------      -------      -------  ---------------------  -------------------     --------     --------  ----------------------  --------------------  
sys_clk_pin         4.829        0.000                      0                   40        0.201        0.000                      0                   40        4.500        0.000                       0                    35  


------------------------------------------------------------------------------------------------
| Inter Clock Table
| -----------------
------------------------------------------------------------------------------------------------

From Clock    To Clock          WNS(ns)      TNS(ns)  TNS Failing Endpoints  TNS Total Endpoints      WHS(ns)      THS(ns)  THS Failing Endpoints  THS Total Endpoints  
----------    --------          -------      -------  ---------------------  -------------------      -------      -------  ---------------------  -------------------  


------------------------------------------------------------------------------------------------
| Other Path Groups Table
| -----------------------
------------------------------------------------------------------------------------------------

Path Group    From Clock    To Clock          WNS(ns)      TNS(ns)  TNS Failing Endpoints  TNS Total Endpoints      WHS(ns)      THS(ns)  THS Failing Endpoints  THS Total Endpoints  
----------    ----------    --------          -------      -------  ---------------------  -------------------      -------      -------  ---------------------  -------------------  


------------------------------------------------------------------------------------------------
| Timing Details
| --------------
------------------------------------------------------------------------------------------------


---------------------------------------------------------------------------------------------------
From Clock:  sys_clk_pin
  To Clock:  sys_clk_pin

Setup :            0  Failing Endpoints,  Worst Slack        4.829ns,  Total Violation        0.000ns
Hold  :            0  Failing Endpoints,  Worst Slack        0.201ns,  Total Violation        0.000ns
PW    :            0  Failing Endpoints,  Worst Slack        4.500ns,  Total Violation        0.000ns
---------------------------------------------------------------------------------------------------


Max Delay Paths
--------------------------------------------------------------------------------------
Slack (MET) :             4.829ns  (required time - arrival time)
  Source:                 U2/DIVIDER_reg[13]/C
                            (rising edge-triggered cell FDCE clocked by sys_clk_pin  {rise@0.000ns fall@5.000ns period=10.000ns})
  Destination:            U2/DIVIDER_reg[25]/D
                            (rising edge-triggered cell FDCE clocked by sys_clk_pin  {rise@0.000ns fall@5.000ns period=10.000ns})
  Path Group:             sys_clk_pin
  Path Type:              Setup (Max at Slow Process Corner)
  Requirement:            10.000ns  (sys_clk_pin rise@10.000ns - sys_clk_pin rise@0.000ns)
  Data Path Delay:        5.176ns  (logic 2.264ns (43.740%)  route 2.912ns (56.260%))
  Logic Levels:           10  (CARRY4=7 LUT2=1 LUT6=2)
  Clock Path Skew:        -0.022ns (DCD - SCD + CPR)
    Destination Clock Delay (DCD):    5.029ns = ( 15.029 - 10.000 ) 
    Source Clock Delay      (SCD):    5.323ns
    Clock Pessimism Removal (CPR):    0.272ns
  Clock Uncertainty:      0.035ns  ((TSJ^2 + TIJ^2)^1/2 + DJ) / 2 + PE
    Total System Jitter     (TSJ):    0.071ns
    Total Input Jitter      (TIJ):    0.000ns
    Discrete Jitter          (DJ):    0.000ns
    Phase Error              (PE):    0.000ns

    Location             Delay type                Incr(ns)  Path(ns)    Netlist Resource(s)
  -------------------------------------------------------------------    -------------------
                         (clock sys_clk_pin rise edge)
                                                      0.000     0.000 r  
    E3                                                0.000     0.000 r  CLK (IN)
                         net (fo=0)                   0.000     0.000    CLK
    E3                   IBUF (Prop_ibuf_I_O)         1.482     1.482 r  CLK_IBUF_inst/O
                         net (fo=1, estimated)        2.025     3.507    CLK_IBUF
    BUFGCTRL_X0Y16       BUFG (Prop_bufg_I_O)         0.096     3.603 r  CLK_IBUF_BUFG_inst/O
                         net (fo=34, estimated)       1.720     5.323    U2/CLK
    SLICE_X1Y86          FDCE                                         r  U2/DIVIDER_reg[13]/C
  -------------------------------------------------------------------    -------------------
    SLICE_X1Y86          FDCE (Prop_fdce_C_Q)         0.456     5.779 f  U2/DIVIDER_reg[13]/Q
                         net (fo=2, estimated)        1.023     6.802    U2/DIVIDER_reg[13]
    SLICE_X0Y86          LUT6 (Prop_lut6_I0_O)        0.124     6.926 f  U2/Q_INT[3]_i_6/O
                         net (fo=1, estimated)        1.123     8.049    U2/Q_INT[3]_i_6_n_0
    SLICE_X0Y86          LUT6 (Prop_lut6_I0_O)        0.124     8.173 f  U2/Q_INT[3]_i_3/O
                         net (fo=30, estimated)       0.766     8.939    U2/eqOp__25
    SLICE_X1Y83          LUT2 (Prop_lut2_I1_O)        0.124     9.063 r  U2/DIVIDER[0]_i_6/O
                         net (fo=1, routed)           0.000     9.063    U2/DIVIDER[0]_i_6_n_0
    SLICE_X1Y83          CARRY4 (Prop_carry4_S[0]_CO[3])
                                                      0.532     9.595 r  U2/DIVIDER_reg[0]_i_1/CO[3]
                         net (fo=1, estimated)        0.000     9.595    U2/DIVIDER_reg[0]_i_1_n_0
    SLICE_X1Y84          CARRY4 (Prop_carry4_CI_CO[3])
                                                      0.114     9.709 r  U2/DIVIDER_reg[4]_i_1/CO[3]
                         net (fo=1, estimated)        0.000     9.709    U2/DIVIDER_reg[4]_i_1_n_0
    SLICE_X1Y85          CARRY4 (Prop_carry4_CI_CO[3])
                                                      0.114     9.823 r  U2/DIVIDER_reg[8]_i_1/CO[3]
                         net (fo=1, estimated)        0.000     9.823    U2/DIVIDER_reg[8]_i_1_n_0
    SLICE_X1Y86          CARRY4 (Prop_carry4_CI_CO[3])
                                                      0.114     9.937 r  U2/DIVIDER_reg[12]_i_1/CO[3]
                         net (fo=1, estimated)        0.000     9.937    U2/DIVIDER_reg[12]_i_1_n_0
    SLICE_X1Y87          CARRY4 (Prop_carry4_CI_CO[3])
                                                      0.114    10.051 r  U2/DIVIDER_reg[16]_i_1/CO[3]
                         net (fo=1, estimated)        0.000    10.051    U2/DIVIDER_reg[16]_i_1_n_0
    SLICE_X1Y88          CARRY4 (Prop_carry4_CI_CO[3])
                                                      0.114    10.165 r  U2/DIVIDER_reg[20]_i_1/CO[3]
                         net (fo=1, estimated)        0.000    10.165    U2/DIVIDER_reg[20]_i_1_n_0
    SLICE_X1Y89          CARRY4 (Prop_carry4_CI_O[1])
                                                      0.334    10.499 r  U2/DIVIDER_reg[24]_i_1/O[1]
                         net (fo=1, routed)           0.000    10.499    U2/DIVIDER_reg[24]_i_1_n_6
    SLICE_X1Y89          FDCE                                         r  U2/DIVIDER_reg[25]/D
  -------------------------------------------------------------------    -------------------

                         (clock sys_clk_pin rise edge)
                                                     10.000    10.000 r  
    E3                                                0.000    10.000 r  CLK (IN)
                         net (fo=0)                   0.000    10.000    CLK
    E3                   IBUF (Prop_ibuf_I_O)         1.411    11.411 r  CLK_IBUF_inst/O
                         net (fo=1, estimated)        1.924    13.335    CLK_IBUF
    BUFGCTRL_X0Y16       BUFG (Prop_bufg_I_O)         0.091    13.426 r  CLK_IBUF_BUFG_inst/O
                         net (fo=34, estimated)       1.603    15.029    U2/CLK
    SLICE_X1Y89          FDCE                                         r  U2/DIVIDER_reg[25]/C
                         clock pessimism              0.272    15.301    
                         clock uncertainty           -0.035    15.265    
    SLICE_X1Y89          FDCE (Setup_fdce_C_D)        0.062    15.327    U2/DIVIDER_reg[25]
  -------------------------------------------------------------------
                         required time                         15.327    
                         arrival time                         -10.499    
  -------------------------------------------------------------------
                         slack                                  4.829    





Min Delay Paths
--------------------------------------------------------------------------------------
Slack (MET) :             0.201ns  (arrival time - required time)
  Source:                 U1/Q_INT_reg[2]/C
                            (rising edge-triggered cell FDCE clocked by sys_clk_pin  {rise@0.000ns fall@5.000ns period=10.000ns})
  Destination:            U1/Q_INT_reg[2]/D
                            (rising edge-triggered cell FDCE clocked by sys_clk_pin  {rise@0.000ns fall@5.000ns period=10.000ns})
  Path Group:             sys_clk_pin
  Path Type:              Hold (Min at Fast Process Corner)
  Requirement:            0.000ns  (sys_clk_pin rise@0.000ns - sys_clk_pin rise@0.000ns)
  Data Path Delay:        0.321ns  (logic 0.226ns (70.440%)  route 0.095ns (29.560%))
  Logic Levels:           1  (MUXF7=1)
  Clock Path Skew:        0.015ns (DCD - SCD - CPR)
    Destination Clock Delay (DCD):    2.236ns
    Source Clock Delay      (SCD):    1.728ns
    Clock Pessimism Removal (CPR):    0.493ns

    Location             Delay type                Incr(ns)  Path(ns)    Netlist Resource(s)
  -------------------------------------------------------------------    -------------------
                         (clock sys_clk_pin rise edge)
                                                      0.000     0.000 r  
    E3                                                0.000     0.000 r  CLK (IN)
                         net (fo=0)                   0.000     0.000    CLK
    E3                   IBUF (Prop_ibuf_I_O)         0.250     0.250 r  CLK_IBUF_inst/O
                         net (fo=1, estimated)        0.854     1.103    CLK_IBUF
    BUFGCTRL_X0Y16       BUFG (Prop_bufg_I_O)         0.026     1.129 r  CLK_IBUF_BUFG_inst/O
                         net (fo=34, estimated)       0.599     1.728    U1/CLK
    SLICE_X0Y85          FDCE                                         r  U1/Q_INT_reg[2]/C
  -------------------------------------------------------------------    -------------------
    SLICE_X0Y85          FDCE (Prop_fdce_C_Q)         0.141     1.869 r  U1/Q_INT_reg[2]/Q
                         net (fo=4, estimated)        0.095     1.964    U1/Q_INT_reg_n_0_[2]
    SLICE_X0Y85          MUXF7 (Prop_muxf7_S_O)       0.085     2.049 r  U1/Q_INT_reg[2]_i_1/O
                         net (fo=1, routed)           0.000     2.049    U1/Q_INT_reg[2]_i_1_n_0
    SLICE_X0Y85          FDCE                                         r  U1/Q_INT_reg[2]/D
  -------------------------------------------------------------------    -------------------

                         (clock sys_clk_pin rise edge)
                                                      0.000     0.000 r  
    E3                                                0.000     0.000 r  CLK (IN)
                         net (fo=0)                   0.000     0.000    CLK
    E3                   IBUF (Prop_ibuf_I_O)         0.438     0.438 r  CLK_IBUF_inst/O
                         net (fo=1, estimated)        0.899     1.336    CLK_IBUF
    BUFGCTRL_X0Y16       BUFG (Prop_bufg_I_O)         0.029     1.365 r  CLK_IBUF_BUFG_inst/O
                         net (fo=34, estimated)       0.871     2.236    U1/CLK
    SLICE_X0Y85          FDCE                                         r  U1/Q_INT_reg[2]/C
                         clock pessimism             -0.493     1.743    
    SLICE_X0Y85          FDCE (Hold_fdce_C_D)         0.105     1.848    U1/Q_INT_reg[2]
  -------------------------------------------------------------------
                         required time                         -1.848    
                         arrival time                           2.049    
  -------------------------------------------------------------------
                         slack                                  0.201    





Pulse Width Checks
--------------------------------------------------------------------------------------
Clock Name:         sys_clk_pin
Waveform(ns):       { 0.000 5.000 }
Period(ns):         10.000
Sources:            { CLK }

Check Type        Corner  Lib Pin  Reference Pin  Required(ns)  Actual(ns)  Slack(ns)  Location        Pin
Min Period        n/a     BUFG/I   n/a            2.155         10.000      7.845      BUFGCTRL_X0Y16  CLK_IBUF_BUFG_inst/I
Low Pulse Width   Slow    FDCE/C   n/a            0.500         5.000       4.500      SLICE_X1Y87     U2/DIVIDER_reg[16]/C
High Pulse Width  Fast    FDCE/C   n/a            0.500         5.000       4.500      SLICE_X0Y85     U1/Q_INT_reg[0]/C



