Active-HDL 11.1.262.7351 2021-12-21 14:34:22

Elaboration top modules:
Architecture                  Prescaler(Prescaler)


---------------------------------------------------------------------------------------------------
Entity    | Architecture | Library          | Info | Compiler Version        | Compilation Options
---------------------------------------------------------------------------------------------------
Prescaler | Prescaler    | tutorvhdl_timing |      | 11.1.262.7351 (Windows) | -dbg
---------------------------------------------------------------------------------------------------

---------------------------------------------------------------------------------------------------
VHDL Package             | Library          | Info | Compiler Version        | Compilation Options
---------------------------------------------------------------------------------------------------
standard                 | std              |      |                         | <unavailable>
TEXTIO                   | std              |      |                         | <unavailable>
std_logic_1164           | ieee             |      |                         | <unavailable>
std_logic_arith          | ieee             |      |                         | <unavailable>
STD_LOGIC_UNSIGNED       | ieee             |      |                         | <unavailable>
---------------------------------------------------------------------------------------------------

---------------------------------------------------------------------------------------------------
Library                  | Comment
---------------------------------------------------------------------------------------------------
ieee                     | Standard IEEE packages library
std                      | Standard VHDL library
tutorvhdl_timing         | None
---------------------------------------------------------------------------------------------------
